build/outputs/logs/manifest-merger-debug-report.txt
-- Merging decision tree log ---
manifest
ADDED from mbartel/tomdroid/AndroidManifest.xml:2:1-173:12
INJECTED from mbartel/tomdroid/AndroidManifest.xml:2:1-173:12
INJECTED from mbartel/tomdroid/AndroidManifest.xml:2:1-173:12
INJECTED from mbartel/tomdroid/AndroidManifest.xml:2:1-173:12
INJECTED from mbartel/tomdroid/AndroidManifest.xml:2:1-173:12
	package
		ADDED from mbartel/tomdroid/AndroidManifest.xml:3:7-29
	android:versionName
		ADDED from mbartel/tomdroid/AndroidManifest.xml:4:7-37
		INJECTED from mbartel/tomdroid/AndroidManifest.xml
		INJECTED from mbartel/tomdroid/AndroidManifest.xml
	xmlns:android
		ADDED from mbartel/tomdroid/AndroidManifest.xml:2:11-69
	android:versionCode
		ADDED from mbartel/tomdroid/AndroidManifest.xml:4:38-62
		INJECTED from mbartel/tomdroid/AndroidManifest.xml
		INJECTED from mbartel/tomdroid/AndroidManifest.xml
supports-screens
ADDED from mbartel/tomdroid/AndroidManifest.xml:7:5-12:50
	android:largeScreens
		ADDED from mbartel/tomdroid/AndroidManifest.xml:10:23-50
	android:smallScreens
		ADDED from mbartel/tomdroid/AndroidManifest.xml:8:23-50
	android:normalScreens
		ADDED from mbartel/tomdroid/AndroidManifest.xml:9:23-51
	android:xlargeScreens
		ADDED from mbartel/tomdroid/AndroidManifest.xml:11:23-51
	android:resizeable
		ADDED from mbartel/tomdroid/AndroidManifest.xml:7:23-48
	android:anyDensity
		ADDED from mbartel/tomdroid/AndroidManifest.xml:12:23-48
uses-permission#android.permission.INTERNET
ADDED from mbartel/tomdroid/AndroidManifest.xml:14:5-67
	android:name
		ADDED from mbartel/tomdroid/AndroidManifest.xml:14:22-64
uses-permission#android.permission.WRITE_EXTERNAL_STORAGE
ADDED from mbartel/tomdroid/AndroidManifest.xml:15:2-78
	android:name
		ADDED from mbartel/tomdroid/AndroidManifest.xml:15:19-75
uses-permission#com.android.launcher.permission.INSTALL_SHORTCUT
ADDED from mbartel/tomdroid/AndroidManifest.xml:16:5-88
	android:name
		ADDED from mbartel/tomdroid/AndroidManifest.xml:16:22-85
uses-permission#com.android.launcher.permission.UNINSTALL_SHORTCUT
ADDED from mbartel/tomdroid/AndroidManifest.xml:17:5-90
	android:name
		ADDED from mbartel/tomdroid/AndroidManifest.xml:17:22-87
application
ADDED from mbartel/tomdroid/AndroidManifest.xml:19:2-170:19
	android:label
		ADDED from mbartel/tomdroid/AndroidManifest.xml:21:3-35
	android:icon
		ADDED from mbartel/tomdroid/AndroidManifest.xml:20:3-39
	android:theme
		ADDED from mbartel/tomdroid/AndroidManifest.xml:22:3-56
activity#org.tomdroid.ui.Tomdroid
ADDED from mbartel/tomdroid/AndroidManifest.xml:25:9-48:20
	android:label
		ADDED from mbartel/tomdroid/AndroidManifest.xml:25:19-51
	android:configChanges
		ADDED from mbartel/tomdroid/AndroidManifest.xml:28:4-50
	android:theme
		ADDED from mbartel/tomdroid/AndroidManifest.xml:26:4-37
	android:name
		ADDED from mbartel/tomdroid/AndroidManifest.xml:27:4-31
intent-filter#action:name:android.intent.action.MAIN+category:name:android.intent.category.LAUNCHER
ADDED from mbartel/tomdroid/AndroidManifest.xml:30:13-33:29
action#android.intent.action.MAIN
ADDED from mbartel/tomdroid/AndroidManifest.xml:31:17-69
	android:name
		ADDED from mbartel/tomdroid/AndroidManifest.xml:31:25-66
category#android.intent.category.LAUNCHER
ADDED from mbartel/tomdroid/AndroidManifest.xml:32:17-77
	android:name
		ADDED from mbartel/tomdroid/AndroidManifest.xml:32:27-74
intent-filter#action:name:android.intent.action.VIEW+category:name:android.intent.category.BROWSABLE+category:name:android.intent.category.DEFAULT+data:host:sync+data:scheme:tomdroid
ADDED from mbartel/tomdroid/AndroidManifest.xml:34:13-39:26
action#android.intent.action.VIEW
ADDED from mbartel/tomdroid/AndroidManifest.xml:35:11-63
	android:name
		ADDED from mbartel/tomdroid/AndroidManifest.xml:35:19-60
category#android.intent.category.DEFAULT
ADDED from mbartel/tomdroid/AndroidManifest.xml:36:11-70
	android:name
		ADDED from mbartel/tomdroid/AndroidManifest.xml:36:21-67
category#android.intent.category.BROWSABLE
ADDED from mbartel/tomdroid/AndroidManifest.xml:37:11-72
	android:name
		ADDED from mbartel/tomdroid/AndroidManifest.xml:37:21-69
data
ADDED from mbartel/tomdroid/AndroidManifest.xml:38:11-64
	android:host
		ADDED from mbartel/tomdroid/AndroidManifest.xml:38:43-62
	android:port
		ADDED from mbartel/tomdroid/AndroidManifest.xml:83:11-27
	android:scheme
		ADDED from mbartel/tomdroid/AndroidManifest.xml:38:17-42
	android:pathPattern
		ADDED from mbartel/tomdroid/AndroidManifest.xml:85:11-42
	android:mimeType
		ADDED from mbartel/tomdroid/AndroidManifest.xml:58:11-71
meta-data#android.app.default_searchable
ADDED from mbartel/tomdroid/AndroidManifest.xml:41:10-42:51
	android:value
		ADDED from mbartel/tomdroid/AndroidManifest.xml:42:20-48
	android:name
		ADDED from mbartel/tomdroid/AndroidManifest.xml:41:21-66
intent-filter#action:name:android.intent.action.SEARCH
ADDED from mbartel/tomdroid/AndroidManifest.xml:43:4-45:20
action#android.intent.action.SEARCH
ADDED from mbartel/tomdroid/AndroidManifest.xml:44:5-59
	android:name
		ADDED from mbartel/tomdroid/AndroidManifest.xml:44:13-56
meta-data#android.app.searchable
ADDED from mbartel/tomdroid/AndroidManifest.xml:46:4-47:43
	android:resource
		ADDED from mbartel/tomdroid/AndroidManifest.xml:47:7-41
	android:name
		ADDED from mbartel/tomdroid/AndroidManifest.xml:46:15-52
activity#org.tomdroid.ui.ViewNote
ADDED from mbartel/tomdroid/AndroidManifest.xml:50:3-60:14
	android:label
		ADDED from mbartel/tomdroid/AndroidManifest.xml:52:4-38
	android:theme
		ADDED from mbartel/tomdroid/AndroidManifest.xml:51:4-37
	android:name
		ADDED from mbartel/tomdroid/AndroidManifest.xml:50:13-40
intent-filter#action:name:android.intent.action.VIEW+category:name:android.intent.category.BROWSABLE+category:name:android.intent.category.DEFAULT+data:mimeType:vnd.android.cursor.item/vnd.tomdroid.note
ADDED from mbartel/tomdroid/AndroidManifest.xml:54:4-59:20
activity#org.tomdroid.ui.EditNote
ADDED from mbartel/tomdroid/AndroidManifest.xml:61:3-66:14
	android:label
		ADDED from mbartel/tomdroid/AndroidManifest.xml:64:4-38
	android:configChanges
		ADDED from mbartel/tomdroid/AndroidManifest.xml:62:4-65
	android:theme
		ADDED from mbartel/tomdroid/AndroidManifest.xml:63:4-37
	android:name
		ADDED from mbartel/tomdroid/AndroidManifest.xml:61:13-40
activity#org.tomdroid.util.Receive
ADDED from mbartel/tomdroid/AndroidManifest.xml:67:3-137:14
	android:theme
		ADDED from mbartel/tomdroid/AndroidManifest.xml:68:7-40
	android:name
		ADDED from mbartel/tomdroid/AndroidManifest.xml:67:13-41
intent-filter#action:name:android.intent.action.SEND+category:name:android.intent.category.DEFAULT+data:mimeType:text/plain
ADDED from mbartel/tomdroid/AndroidManifest.xml:71:10-75:23
action#android.intent.action.SEND
ADDED from mbartel/tomdroid/AndroidManifest.xml:72:11-63
	android:name
		ADDED from mbartel/tomdroid/AndroidManifest.xml:72:19-60
intent-filter#action:name:android.intent.action.VIEW+category:name:android.intent.category.BROWSABLE+category:name:android.intent.category.DEFAULT+data:host:*+data:mimeType:*/*+data:pathPattern:.*\\.note+data:port:*+data:scheme:file
ADDED from mbartel/tomdroid/AndroidManifest.xml:77:4-86:20
intent-filter#action:name:android.intent.action.VIEW+category:name:android.intent.category.BROWSABLE+category:name:android.intent.category.DEFAULT+data:host:*+data:mimeType:*/*+data:pathPattern:.*\\.note+data:port:*+data:scheme:content
ADDED from mbartel/tomdroid/AndroidManifest.xml:87:4-96:20
intent-filter#action:name:android.intent.action.VIEW+category:name:android.intent.category.BROWSABLE+category:name:android.intent.category.DEFAULT+data:host:*+data:mimeType:text/*+data:pathPattern:.*+data:port:*+data:scheme:content
ADDED from mbartel/tomdroid/AndroidManifest.xml:98:4-107:20
intent-filter#action:name:android.intent.action.VIEW+category:name:android.intent.category.BROWSABLE+category:name:android.intent.category.DEFAULT+data:host:*+data:mimeType:text/*+data:pathPattern:.*+data:port:*+data:scheme:file
ADDED from mbartel/tomdroid/AndroidManifest.xml:108:4-117:20
intent-filter#action:name:android.intent.action.VIEW+category:name:android.intent.category.BROWSABLE+category:name:android.intent.category.DEFAULT+data:host:*+data:mimeType:application/note+data:port:*+data:scheme:file
ADDED from mbartel/tomdroid/AndroidManifest.xml:119:4-127:20
intent-filter#action:name:android.intent.action.VIEW+category:name:android.intent.category.BROWSABLE+category:name:android.intent.category.DEFAULT+data:host:*+data:mimeType:application/note+data:port:*+data:scheme:content
ADDED from mbartel/tomdroid/AndroidManifest.xml:128:4-136:20
provider#org.tomdroid.util.SearchSuggestionProvider
ADDED from mbartel/tomdroid/AndroidManifest.xml:138:3-141:6
	android:authorities
		ADDED from mbartel/tomdroid/AndroidManifest.xml:140:4-68
	android:name
		ADDED from mbartel/tomdroid/AndroidManifest.xml:139:7-52
provider#org.tomdroid.NoteProvider
ADDED from mbartel/tomdroid/AndroidManifest.xml:143:3-145:11
	android:authorities
		ADDED from mbartel/tomdroid/AndroidManifest.xml:144:13-53
	android:name
		ADDED from mbartel/tomdroid/AndroidManifest.xml:143:13-40
activity#org.tomdroid.ui.PreferencesActivity
ADDED from mbartel/tomdroid/AndroidManifest.xml:146:9-151:17
	android:label
		ADDED from mbartel/tomdroid/AndroidManifest.xml:148:5-39
	android:configChanges
		ADDED from mbartel/tomdroid/AndroidManifest.xml:149:5-51
	android:theme
		ADDED from mbartel/tomdroid/AndroidManifest.xml:147:10-43
	android:name
		ADDED from mbartel/tomdroid/AndroidManifest.xml:146:19-57
activity#org.tomdroid.ui.ShortcutActivity
ADDED from mbartel/tomdroid/AndroidManifest.xml:152:9-159:20
	android:label
		ADDED from mbartel/tomdroid/AndroidManifest.xml:154:13-63
	android:theme
		ADDED from mbartel/tomdroid/AndroidManifest.xml:153:4-37
	android:name
		ADDED from mbartel/tomdroid/AndroidManifest.xml:152:19-54
intent-filter#action:name:android.intent.action.CREATE_SHORTCUT+category:name:android.intent.category.DEFAULT
ADDED from mbartel/tomdroid/AndroidManifest.xml:155:13-158:29
action#android.intent.action.CREATE_SHORTCUT
ADDED from mbartel/tomdroid/AndroidManifest.xml:156:17-79
	android:name
		ADDED from mbartel/tomdroid/AndroidManifest.xml:156:25-77
activity#org.tomdroid.ui.CompareNotes
ADDED from mbartel/tomdroid/AndroidManifest.xml:160:6-163:14
	android:label
		ADDED from mbartel/tomdroid/AndroidManifest.xml:162:10-42
	android:theme
		ADDED from mbartel/tomdroid/AndroidManifest.xml:161:4-37
	android:name
		ADDED from mbartel/tomdroid/AndroidManifest.xml:160:16-47
activity#org.tomdroid.ui.FilePickerActivity
ADDED from mbartel/tomdroid/AndroidManifest.xml:165:9-167:51
	android:label
		ADDED from mbartel/tomdroid/AndroidManifest.xml:167:10-49
	android:theme
		ADDED from mbartel/tomdroid/AndroidManifest.xml:166:4-37
	android:name
		ADDED from mbartel/tomdroid/AndroidManifest.xml:165:19-56
uses-library#android.test.runner
ADDED from mbartel/tomdroid/AndroidManifest.xml:169:6-57
	android:name
		ADDED from mbartel/tomdroid/AndroidManifest.xml:169:20-54
instrumentation
ADDED from mbartel/tomdroid/AndroidManifest.xml:171:2-128
	android:targetPackage
		ADDED from mbartel/tomdroid/AndroidManifest.xml:171:73-109
	android:name
		ADDED from mbartel/tomdroid/AndroidManifest.xml:171:19-72
uses-sdk
INJECTED from mbartel/tomdroid/AndroidManifest.xml reason: use-sdk injection requested
INJECTED from mbartel/tomdroid/AndroidManifest.xml
INJECTED from mbartel/tomdroid/AndroidManifest.xml
	android:minSdkVersion
		INJECTED from mbartel/tomdroid/AndroidManifest.xml
		ADDED from mbartel/tomdroid/AndroidManifest.xml
		INJECTED from mbartel/tomdroid/AndroidManifest.xml